Added Component: Designator=P3(HDR1X4)
Add component. Clean all parameters for all variants
Add component (AddParameter): Name = "LatestRevisionDate"; Value = "17-Jul-2002"; VariantName = "[No Variations]"
Add component (AddParameter): Name = "LatestRevisionNote"; Value = "Re-released for DXP Platform."; VariantName = "[No Variations]"
Add component (AddParameter): Name = "Publisher"; Value = "Altium Limited"; VariantName = "[No Variations]"
Added Component: Designator=P4(HDR1X4)
Add component. Clean all parameters for all variants
Add component (AddParameter): Name = "LatestRevisionDate"; Value = "17-Jul-2002"; VariantName = "[No Variations]"
Add component (AddParameter): Name = "LatestRevisionNote"; Value = "Re-released for DXP Platform."; VariantName = "[No Variations]"
Add component (AddParameter): Name = "Publisher"; Value = "Altium Limited"; VariantName = "[No Variations]"
Added Pin To Net: NetName=D0 Pin=P3-1
Added Pin To Net: NetName=D1 Pin=P3-2
Added Pin To Net: NetName=D2 Pin=P3-3
Added Pin To Net: NetName=D3 Pin=P3-4
Added Pin To Net: NetName=FPGA_PCK Pin=P4-1
Added Pin To Net: NetName=MCLK Pin=P4-2
Added Pin To Net: NetName=FPGA_HS Pin=P4-3
Added Pin To Net: NetName=FPGA_VS Pin=P4-4
Added Member To Class: ClassName=ee107_mcu_fpga_connector_board Member=Component P3 Header 4
Added Member To Class: ClassName=ee107_mcu_fpga_connector_board Member=Component P4 Header 4
Added Room: Name=ee107_mcu_fpga_connector_board
